<?xml version="1.0" encoding="UTF-8"?>
<testsuite xmlns:xsi="http://www.w3.org/2001/XMLSchema-instance" xsi:noNamespaceSchemaLocation="https://maven.apache.org/surefire/maven-surefire-plugin/xsd/surefire-test-report-3.0.xsd" version="3.0" name="NeighbourhoodTest" time="0.004" tests="11" errors="0" skipped="0" failures="0">
  <properties>
[...]
</properties>
  <testcase name="testEquals_DifferentClass" classname="NeighbourhoodTest" time="0.0"/>
  <testcase name="testEquals_TrimmedValues" classname="NeighbourhoodTest" time="0.001"/>
  <testcase name="testEquals_NullObject" classname="NeighbourhoodTest" time="0.0"/>
  <testcase name="testToString" classname="NeighbourhoodTest" time="0.001"/>
  <testcase name="testEquals_SameObject" classname="NeighbourhoodTest" time="0.0"/>
  <testcase name="testHashCode_ConsistentWithEquals" classname="NeighbourhoodTest" time="0.0"/>
  <testcase name="testEquals_SameValues" classname="NeighbourhoodTest" time="0.001"/>
  <testcase name="getName" classname="NeighbourhoodTest" time="0.0"/>
  <testcase name="getWard" classname="NeighbourhoodTest" time="0.001"/>
  <testcase name="testEquals_DifferentName" classname="NeighbourhoodTest" time="0.0"/>
  <testcase name="testEquals_DifferentWard" classname="NeighbourhoodTest" time="0.0"/>
</testsuite>